<?xml version="1.0" encoding="UTF-8"?>
<!-- Generated by org.testng.reporters.JUnitReportReporter -->
<testsuite hostname="MSI" failures="0" tests="1" name="com.crm.sdet.campaign.CreateCampaign" time="15.919" errors="0" timestamp="2022-08-09T16:03:25 IST" skipped="0">
  <testcase classname="com.crm.sdet.campaign.CreateCampaign" name="createCampaign" time="15.919"/>
  <system-out/>
</testsuite> <!-- com.crm.sdet.campaign.CreateCampaign -->
