<?xml version="1.0" encoding="UTF-8"?>
<!-- Generated by org.testng.reporters.JUnitReportReporter -->
<testsuite hostname="MSI" failures="0" tests="1" name="Practice.RunTimeParameterFromEclipse" time="0.006" errors="0" timestamp="2022-08-11T19:40:17 IST" skipped="0">
  <testcase classname="Practice.RunTimeParameterFromEclipse" name="getData" time="0.006"/>
  <system-out/>
</testsuite> <!-- Practice.RunTimeParameterFromEclipse -->
