<?xml version="1.0" encoding="UTF-8"?>
<!-- Generated by org.testng.reporters.JUnitReportReporter -->
<testsuite hostname="MSI" failures="0" tests="5" name="Practice.DataProviderTest" time="0.006" errors="0" timestamp="2022-08-09T12:23:41 IST" skipped="0">
  <testcase classname="Practice.DataProviderTest" name="bookTiket" time="0.001"/>
  <system-out/>
  <testcase classname="Practice.DataProviderTest" name="bookTiket" time="0.000"/>
  <system-out/>
  <testcase classname="Practice.DataProviderTest" name="bookTiket" time="0.001"/>
  <system-out/>
  <testcase classname="Practice.DataProviderTest" name="bookTiket" time="0.003"/>
  <system-out/>
  <testcase classname="Practice.DataProviderTest" name="bookTiket" time="0.001"/>
  <system-out/>
</testsuite> <!-- Practice.DataProviderTest -->
