<?xml version="1.0" encoding="UTF-8"?>
<!-- Generated by org.testng.reporters.JUnitReportReporter -->
<testsuite hostname="MSI" failures="0" tests="1" name="Practice.Demo" time="0.001" errors="0" timestamp="2022-08-09T12:23:41 IST" skipped="0">
  <testcase classname="Practice.Demo" name="modifyContact" time="0.001"/>
  <system-out/>
</testsuite> <!-- Practice.Demo -->
