<?xml version="1.0" encoding="UTF-8"?>
<!-- Generated by org.testng.reporters.JUnitReportReporter -->
<testsuite hostname="MSI" failures="0" tests="1" name="com.crm.sdet.product.CreateProductAndVerify" time="11.591" errors="0" timestamp="2022-08-03T15:54:19 IST" skipped="0">
  <testcase classname="com.crm.sdet.product.CreateProductAndVerify" name="createProductOnly" time="11.591"/>
  <system-out/>
</testsuite> <!-- com.crm.sdet.product.CreateProductAndVerify -->
