<?xml version="1.0" encoding="UTF-8"?>
<!-- Generated by org.testng.reporters.JUnitReportReporter -->
<testsuite hostname="MSI" failures="0" tests="1" name="com.crm.sdet.campaign.CampaignWithProduct" time="25.332" errors="0" timestamp="2022-08-11T19:39:12 IST" skipped="0">
  <testcase classname="com.crm.sdet.campaign.CampaignWithProduct" name="campaignWithProduct" time="25.332"/>
  <system-out/>
</testsuite> <!-- com.crm.sdet.campaign.CampaignWithProduct -->
